<?xml version="1.0" encoding="UTF-8"?>
<testsuite xmlns:xsi="http://www.w3.org/2001/XMLSchema-instance" xsi:noNamespaceSchemaLocation="https://maven.apache.org/surefire/maven-surefire-plugin/xsd/surefire-test-report-3.0.xsd" version="3.0" name="org.example.runners.TestRunner" time="2.21" tests="3" errors="0" skipped="0" failures="0">
  <properties>
[...]
</properties>
  <testcase name="testEmptyGetRequest()" classname="HttpMethodsTest" time="1.189">
    <system-err><![CDATA[Aug 21, 2023 11:56:39 PM org.example.tests.HttpMethodsTest testEmptyGetRequest
INFO: Sending empty GET request
Aug 21, 2023 11:56:39 PM org.example.common.logger.TestLogger info
INFO: Sending GET to https://httpbin.org//get
]]></system-err>
  </testcase>
  <testcase name="GET request test with Query Parameters" classname="HttpMethodsTest" time="0.611"/>
  <testcase name="POST request test with JSON body" classname="HttpMethodsTest" time="0"/>
</testsuite>